-
2021-11-11T02:14:58+03:00 [undefined] INFO : Port change schedule requested. | Scheduling change to port 1284 in 480 minutes.
2021-11-11T02:14:58+03:00 [undefined] INFO : Port change schedule request. |  Response for the current settings recieved.
2021-11-11T02:14:58+03:00 [undefined] INFO : Port change schedule request. | Successfuly scheduled to port 1284 in 480 minutes..
-
2021-11-11T02:15:42+03:00 [1636586142236] INIT : Initiating...
2021-11-11T02:15:42+03:00 [1636586142236] INIT : Called 'express'
2021-11-11T02:15:42+03:00 [1636586142236] INIT : Called 'json-server'
2021-11-11T02:15:42+03:00 [1636586142236] INIT : Initiated 'express'
2021-11-11T02:15:42+03:00 [1636586142236] INIT : Created 'json-server'
2021-11-11T02:15:42+03:00 [1636586142236] INIT : Called 'axios'
2021-11-11T02:15:42+03:00 [1636586142236] INIT : Called 'isomorphic-fetch'
2021-11-11T02:15:42+03:00 [1636586142236] INIT : Called config.
2021-11-11T02:15:42+03:00 [1636586142236] INIT : Called 'events'
2021-11-11T02:15:42+03:00 [1636586142236] INIT : Called 'random-number-csprng'
2021-11-11T02:15:42+03:00 [1636586142236] INIT : Called 'json-server' router
2021-11-11T02:15:42+03:00 [1636586142236] INIT : Called 'delay'
2021-11-11T02:15:42+03:00 [1636586142236] INIT : Called 'moment'
2021-11-11T02:15:42+03:00 [1636586142236] INIT : Database started.
2021-11-11T02:15:42+03:00 [1636586142236] INIT : Called 'caller-id'
2021-11-11T02:15:42+03:00 [1636586142236] INIT : Called 'crypto'
-
2021-11-11T02:15:53+03:00 [undefined] INFO : Port change schedule requested. | Scheduling change to port 4578 in 480 minutes.
2021-11-11T02:15:53+03:00 [undefined] INFO : Port change schedule request. |  Response for the current settings recieved.
2021-11-11T02:15:53+03:00 [undefined] INFO : Port change schedule request. | Successfuly scheduled to port 4578 in 480 minutes..
-
2021-11-11T02:16:20+03:00 [1636586180454] INIT : Initiating...
2021-11-11T02:16:20+03:00 [1636586180454] INIT : Called 'express'
2021-11-11T02:16:20+03:00 [1636586180454] INIT : Called 'json-server'
2021-11-11T02:16:20+03:00 [1636586180454] INIT : Initiated 'express'
2021-11-11T02:16:20+03:00 [1636586180454] INIT : Created 'json-server'
2021-11-11T02:16:20+03:00 [1636586180454] INIT : Called 'axios'
2021-11-11T02:16:20+03:00 [1636586180454] INIT : Called 'json-server' router
2021-11-11T02:16:20+03:00 [1636586180454] INIT : Called 'events'
2021-11-11T02:16:20+03:00 [1636586180454] INIT : Called 'isomorphic-fetch'
2021-11-11T02:16:20+03:00 [1636586180454] INIT : Called 'random-number-csprng'
2021-11-11T02:16:20+03:00 [1636586180454] INIT : Called 'moment'
2021-11-11T02:16:20+03:00 [1636586180454] INIT : Called 'delay'
2021-11-11T02:16:20+03:00 [1636586180454] INIT : Called 'crypto'
2021-11-11T02:16:20+03:00 [1636586180454] INIT : Called 'caller-id'
2021-11-11T02:16:20+03:00 [1636586180454] INIT : Called config.
2021-11-11T02:16:20+03:00 [1636586180454] INIT : Database started.
-
2021-11-11T02:16:26+03:00 [undefined] INFO : Port change schedule requested. | Scheduling change to port 1041 in 480 minutes.
2021-11-11T02:16:26+03:00 [undefined] INFO : Port change schedule request. |  Response for the current settings recieved.
2021-11-11T02:16:26+03:00 [undefined] INFO : Port change schedule request. | Successfuly scheduled to port 1041 in 480 minutes..
-
2021-11-11T02:19:29+03:00 [1636586369443] INIT : Initiating...
2021-11-11T02:19:29+03:00 [1636586369443] INIT : Called 'express'
2021-11-11T02:19:29+03:00 [1636586369443] INIT : Called 'json-server'
2021-11-11T02:19:29+03:00 [1636586369443] INIT : Initiated 'express'
2021-11-11T02:19:29+03:00 [1636586369443] INIT : Called 'json-server' router
2021-11-11T02:19:29+03:00 [1636586369443] INIT : Created 'json-server'
2021-11-11T02:19:29+03:00 [1636586369443] INIT : Called 'isomorphic-fetch'
2021-11-11T02:19:29+03:00 [1636586369443] INIT : Called config.
2021-11-11T02:19:29+03:00 [1636586369443] INIT : Called 'events'
2021-11-11T02:19:29+03:00 [1636586369443] INIT : Called 'random-number-csprng'
2021-11-11T02:19:29+03:00 [1636586369443] INIT : Called 'delay'
2021-11-11T02:19:29+03:00 [1636586369443] INIT : Called 'moment'
2021-11-11T02:19:29+03:00 [1636586369443] INIT : Called 'caller-id'
2021-11-11T02:19:29+03:00 [1636586369443] INIT : Called 'crypto'
2021-11-11T02:19:29+03:00 [1636586369443] INIT : Database started.
2021-11-11T02:19:29+03:00 [1636586369443] INIT : Called 'axios'
-
2021-11-11T02:19:35+03:00 [undefined] INFO : Port change schedule requested. | Scheduling change to port 5007 in 480 minutes.
2021-11-11T02:19:35+03:00 [undefined] INFO : Port change schedule request. |  Response for the current settings recieved.
2021-11-11T02:19:35+03:00 [undefined] INFO : Port change schedule request. | Successfuly scheduled to port 5007 in 480 minutes..
-
2021-11-11T02:20:22+03:00 [1636586422225] INIT : Initiating...
2021-11-11T02:20:22+03:00 [1636586422225] INIT : Called 'express'
2021-11-11T02:20:22+03:00 [1636586422225] INIT : Called 'json-server'
2021-11-11T02:20:22+03:00 [1636586422225] INIT : Initiated 'express'
2021-11-11T02:20:22+03:00 [1636586422225] INIT : Called 'json-server' router
2021-11-11T02:20:22+03:00 [1636586422225] INIT : Called 'axios'
2021-11-11T02:20:22+03:00 [1636586422225] INIT : Called 'isomorphic-fetch'
2021-11-11T02:20:22+03:00 [1636586422225] INIT : Called 'events'
2021-11-11T02:20:22+03:00 [1636586422225] INIT : Created 'json-server'
2021-11-11T02:20:22+03:00 [1636586422225] INIT : Called 'random-number-csprng'
2021-11-11T02:20:22+03:00 [1636586422225] INIT : Called 'delay'
2021-11-11T02:20:22+03:00 [1636586422225] INIT : Called 'moment'
2021-11-11T02:20:22+03:00 [1636586422225] INIT : Called 'caller-id'
2021-11-11T02:20:22+03:00 [1636586422225] INIT : Called 'crypto'
2021-11-11T02:20:22+03:00 [1636586422225] INIT : Called config.
2021-11-11T02:20:22+03:00 [1636586422225] INIT : Database started.
-
2021-11-11T02:20:28+03:00 [undefined] INFO : Port change schedule requested. | Scheduling change to port 7521 in 480 minutes.
2021-11-11T02:20:28+03:00 [undefined] INFO : Port change schedule request. |  Response for the current settings recieved.
2021-11-11T02:20:28+03:00 [undefined] INFO : Port change schedule request. | Successfuly scheduled to port 7521 in 480 minutes..
-
2021-11-11T02:21:18+03:00 [1636586478105] INIT : Initiating...
2021-11-11T02:21:18+03:00 [1636586478105] INIT : Called 'express'
2021-11-11T02:21:18+03:00 [1636586478105] INIT : Called 'json-server'
2021-11-11T02:21:18+03:00 [1636586478105] INIT : Initiated 'express'
2021-11-11T02:21:18+03:00 [1636586478105] INIT : Created 'json-server'
2021-11-11T02:21:18+03:00 [1636586478105] INIT : Called 'isomorphic-fetch'
2021-11-11T02:21:18+03:00 [1636586478105] INIT : Called 'json-server' router
2021-11-11T02:21:18+03:00 [1636586478105] INIT : Called 'events'
2021-11-11T02:21:18+03:00 [1636586478105] INIT : Called config.
2021-11-11T02:21:18+03:00 [1636586478105] INIT : Called 'random-number-csprng'
2021-11-11T02:21:18+03:00 [1636586478105] INIT : Called 'axios'
2021-11-11T02:21:18+03:00 [1636586478105] INIT : Called 'moment'
2021-11-11T02:21:18+03:00 [1636586478105] INIT : Called 'caller-id'
2021-11-11T02:21:18+03:00 [1636586478105] INIT : Called 'delay'
2021-11-11T02:21:18+03:00 [1636586478105] INIT : Database started.
2021-11-11T02:21:18+03:00 [1636586478105] INIT : Called 'crypto'
-
2021-11-11T02:21:51+03:00 [1636586511813] INIT : Initiating...
2021-11-11T02:21:51+03:00 [1636586511813] INIT : Called 'express'
2021-11-11T02:21:52+03:00 [1636586511813] INIT : Called 'json-server'
2021-11-11T02:21:51+03:00 [1636586511813] INIT : Initiated 'express'
2021-11-11T02:21:52+03:00 [1636586511813] INIT : Created 'json-server'
2021-11-11T02:21:52+03:00 [1636586511813] INIT : Called 'axios'
2021-11-11T02:21:52+03:00 [1636586511813] INIT : Called 'isomorphic-fetch'
2021-11-11T02:21:52+03:00 [1636586511813] INIT : Called 'events'
2021-11-11T02:21:52+03:00 [1636586511813] INIT : Called 'json-server' router
2021-11-11T02:21:52+03:00 [1636586511813] INIT : Called 'random-number-csprng'
2021-11-11T02:21:52+03:00 [1636586511813] INIT : Called config.
2021-11-11T02:21:52+03:00 [1636586511813] INIT : Called 'moment'
2021-11-11T02:21:52+03:00 [1636586511813] INIT : Called 'caller-id'
2021-11-11T02:21:52+03:00 [1636586511813] INIT : Called 'crypto'
2021-11-11T02:21:52+03:00 [1636586511813] INIT : Database started.
2021-11-11T02:21:52+03:00 [1636586511813] INIT : Called 'delay'
-
2021-11-11T02:22:11+03:00 [1636586531063] INIT : Initiating...
2021-11-11T02:22:11+03:00 [1636586531063] INIT : Called 'express'
2021-11-11T02:22:11+03:00 [1636586531063] INIT : Called 'json-server'
2021-11-11T02:22:11+03:00 [1636586531063] INIT : Created 'json-server'
2021-11-11T02:22:11+03:00 [1636586531063] INIT : Called 'json-server' router
2021-11-11T02:22:11+03:00 [1636586531063] INIT : Called 'isomorphic-fetch'
2021-11-11T02:22:11+03:00 [1636586531063] INIT : Initiated 'express'
2021-11-11T02:22:11+03:00 [1636586531063] INIT : Called 'events'
2021-11-11T02:22:11+03:00 [1636586531063] INIT : Called 'delay'
2021-11-11T02:22:11+03:00 [1636586531063] INIT : Called config.
2021-11-11T02:22:11+03:00 [1636586531063] INIT : Called 'random-number-csprng'
2021-11-11T02:22:11+03:00 [1636586531063] INIT : Called 'crypto'
2021-11-11T02:22:11+03:00 [1636586531063] INIT : Called 'caller-id'
2021-11-11T02:22:11+03:00 [1636586531063] INIT : Called 'moment'
2021-11-11T02:22:11+03:00 [1636586531063] INIT : Database started.
2021-11-11T02:22:11+03:00 [1636586531063] INIT : Called 'axios'
-
2021-11-11T02:22:15+03:00 [undefined] INFO : Port change schedule requested. | Scheduling change to port 4183 in 480 minutes.
2021-11-11T02:22:15+03:00 [undefined] INFO : Port change schedule request. |  Response for the current settings recieved.
2021-11-11T02:22:15+03:00 [undefined] INFO : Port change schedule request. | Successfuly scheduled to port 4183 in 480 minutes..
-
2021-11-11T02:23:44+03:00 [1636586624759] INIT : Initiating...
2021-11-11T02:23:44+03:00 [1636586624759] INIT : Called 'express'
2021-11-11T02:23:44+03:00 [1636586624759] INIT : Called 'json-server'
2021-11-11T02:23:44+03:00 [1636586624759] INIT : Initiated 'express'
2021-11-11T02:23:45+03:00 [1636586624759] INIT : Called 'json-server' router
2021-11-11T02:23:45+03:00 [1636586624759] INIT : Called 'axios'
2021-11-11T02:23:44+03:00 [1636586624759] INIT : Created 'json-server'
2021-11-11T02:23:45+03:00 [1636586624759] INIT : Called 'isomorphic-fetch'
2021-11-11T02:23:45+03:00 [1636586624759] INIT : Called 'delay'
2021-11-11T02:23:45+03:00 [1636586624759] INIT : Called 'events'
2021-11-11T02:23:45+03:00 [1636586624759] INIT : Called 'random-number-csprng'
2021-11-11T02:23:45+03:00 [1636586624759] INIT : Called 'crypto'
2021-11-11T02:23:45+03:00 [1636586624759] INIT : Called 'caller-id'
2021-11-11T02:23:45+03:00 [1636586624759] INIT : Called config.
2021-11-11T02:23:45+03:00 [1636586624759] INIT : Called 'moment'
2021-11-11T02:23:45+03:00 [1636586624759] INIT : Database started.
-
2021-11-11T02:23:49+03:00 [undefined] INFO : Port change schedule requested. | Scheduling change to port 8478 in 480 minutes.
2021-11-11T02:23:49+03:00 [undefined] INFO : Port change schedule request. |  Response for the current settings recieved.
2021-11-11T02:23:49+03:00 [undefined] INFO : Port change schedule request. | Successfuly scheduled to port 8478 in 480 minutes..
-
2021-11-11T02:24:16+03:00 [1636586656911] INIT : Initiating...
2021-11-11T02:24:17+03:00 [1636586656911] INIT : Called 'express'
2021-11-11T02:24:17+03:00 [1636586656911] INIT : Called 'json-server'
2021-11-11T02:24:17+03:00 [1636586656911] INIT : Created 'json-server'
2021-11-11T02:24:17+03:00 [1636586656911] INIT : Called 'isomorphic-fetch'
2021-11-11T02:24:17+03:00 [1636586656911] INIT : Called 'json-server' router
2021-11-11T02:24:17+03:00 [1636586656911] INIT : Initiated 'express'
2021-11-11T02:24:17+03:00 [1636586656911] INIT : Called 'axios'
2021-11-11T02:24:17+03:00 [1636586656911] INIT : Called 'events'
2021-11-11T02:24:17+03:00 [1636586656911] INIT : Called config.
2021-11-11T02:24:17+03:00 [1636586656911] INIT : Called 'random-number-csprng'
2021-11-11T02:24:17+03:00 [1636586656911] INIT : Called 'crypto'
2021-11-11T02:24:17+03:00 [1636586656911] INIT : Called 'moment'
2021-11-11T02:24:17+03:00 [1636586656911] INIT : Called 'caller-id'
2021-11-11T02:24:17+03:00 [1636586656911] INIT : Database started.
2021-11-11T02:24:17+03:00 [1636586656911] INIT : Called 'delay'
-
2021-11-11T02:24:31+03:00 [1636586671591] INIT : Initiating...
2021-11-11T02:24:31+03:00 [1636586671591] INIT : Called 'express'
2021-11-11T02:24:31+03:00 [1636586671591] INIT : Called 'json-server'
2021-11-11T02:24:31+03:00 [1636586671591] INIT : Initiated 'express'
2021-11-11T02:24:31+03:00 [1636586671591] INIT : Created 'json-server'
2021-11-11T02:24:31+03:00 [1636586671591] INIT : Called 'axios'
2021-11-11T02:24:31+03:00 [1636586671591] INIT : Called 'json-server' router
2021-11-11T02:24:31+03:00 [1636586671591] INIT : Called 'isomorphic-fetch'
2021-11-11T02:24:31+03:00 [1636586671591] INIT : Called config.
2021-11-11T02:24:31+03:00 [1636586671591] INIT : Called 'events'
2021-11-11T02:24:31+03:00 [1636586671591] INIT : Called 'random-number-csprng'
2021-11-11T02:24:31+03:00 [1636586671591] INIT : Called 'moment'
2021-11-11T02:24:31+03:00 [1636586671591] INIT : Called 'delay'
2021-11-11T02:24:31+03:00 [1636586671591] INIT : Called 'caller-id'
2021-11-11T02:24:31+03:00 [1636586671591] INIT : Called 'crypto'
2021-11-11T02:24:32+03:00 [1636586671591] INIT : Database started.
-
2021-11-11T02:25:13+03:00 [1636586713536] INIT : Initiating...
2021-11-11T02:25:13+03:00 [1636586713536] INIT : Called 'express'
2021-11-11T02:25:13+03:00 [1636586713536] INIT : Called 'json-server'
2021-11-11T02:25:13+03:00 [1636586713536] INIT : Initiated 'express'
2021-11-11T02:25:13+03:00 [1636586713536] INIT : Called 'json-server' router
2021-11-11T02:25:13+03:00 [1636586713536] INIT : Called 'axios'
2021-11-11T02:25:13+03:00 [1636586713536] INIT : Called 'isomorphic-fetch'
2021-11-11T02:25:13+03:00 [1636586713536] INIT : Called 'events'
2021-11-11T02:25:13+03:00 [1636586713536] INIT : Created 'json-server'
2021-11-11T02:25:13+03:00 [1636586713536] INIT : Called 'random-number-csprng'
2021-11-11T02:25:13+03:00 [1636586713536] INIT : Called config.
2021-11-11T02:25:13+03:00 [1636586713536] INIT : Called 'moment'
2021-11-11T02:25:13+03:00 [1636586713536] INIT : Called 'caller-id'
2021-11-11T02:25:13+03:00 [1636586713536] INIT : Called 'crypto'
2021-11-11T02:25:13+03:00 [1636586713536] INIT : Database started.
2021-11-11T02:25:13+03:00 [1636586713536] INIT : Called 'delay'
-
2021-11-11T02:25:24+03:00 [undefined] INFO : Port change schedule requested. | Scheduling change to port 4165 in 480 minutes.
2021-11-11T02:25:24+03:00 [undefined] INFO : Port change schedule request. |  Response for the current settings recieved.
2021-11-11T02:25:24+03:00 [undefined] INFO : Port change schedule request. | Successfuly scheduled to port 4165 in 480 minutes..
-
2021-11-11T02:26:43+03:00 [1636586803055] INIT : Initiating...
2021-11-11T02:26:43+03:00 [1636586803055] INIT : Called 'express'
2021-11-11T02:26:43+03:00 [1636586803055] INIT : Called 'json-server'
2021-11-11T02:26:43+03:00 [1636586803055] INIT : Initiated 'express'
2021-11-11T02:26:43+03:00 [1636586803055] INIT : Created 'json-server'
2021-11-11T02:26:43+03:00 [1636586803055] INIT : Called 'axios'
2021-11-11T02:26:43+03:00 [1636586803055] INIT : Called 'isomorphic-fetch'
2021-11-11T02:26:43+03:00 [1636586803055] INIT : Called 'json-server' router
2021-11-11T02:26:43+03:00 [1636586803055] INIT : Called 'delay'
2021-11-11T02:26:43+03:00 [1636586803055] INIT : Called 'events'
2021-11-11T02:26:43+03:00 [1636586803055] INIT : Called 'random-number-csprng'
2021-11-11T02:26:43+03:00 [1636586803055] INIT : Called config.
2021-11-11T02:26:43+03:00 [1636586803055] INIT : Called 'crypto'
2021-11-11T02:26:43+03:00 [1636586803055] INIT : Called 'caller-id'
2021-11-11T02:26:43+03:00 [1636586803055] INIT : Called 'moment'
2021-11-11T02:26:43+03:00 [1636586803055] INIT : Database started.
-
2021-11-11T02:26:50+03:00 [1636586810258] INIT : Initiating...
2021-11-11T02:26:50+03:00 [1636586810258] INIT : Called 'express'
2021-11-11T02:26:50+03:00 [1636586810258] INIT : Called 'json-server'
2021-11-11T02:26:50+03:00 [1636586810258] INIT : Initiated 'express'
2021-11-11T02:26:50+03:00 [1636586810258] INIT : Created 'json-server'
2021-11-11T02:26:50+03:00 [1636586810258] INIT : Called 'json-server' router
2021-11-11T02:26:50+03:00 [1636586810258] INIT : Called 'isomorphic-fetch'
2021-11-11T02:26:50+03:00 [1636586810258] INIT : Called config.
2021-11-11T02:26:50+03:00 [1636586810258] INIT : Called 'events'
2021-11-11T02:26:50+03:00 [1636586810258] INIT : Called 'random-number-csprng'
2021-11-11T02:26:50+03:00 [1636586810258] INIT : Called 'axios'
2021-11-11T02:26:50+03:00 [1636586810258] INIT : Called 'moment'
2021-11-11T02:26:50+03:00 [1636586810258] INIT : Called 'crypto'
2021-11-11T02:26:50+03:00 [1636586810258] INIT : Called 'caller-id'
2021-11-11T02:26:50+03:00 [1636586810258] INIT : Database started.
2021-11-11T02:26:50+03:00 [1636586810258] INIT : Called 'delay'
-
2021-11-11T02:31:13+03:00 [undefined] INFO : Port change schedule requested. | Scheduling change to port 1426 in 1 minutes.
2021-11-11T02:31:13+03:00 [undefined] INFO : Port change schedule request. |  Response for the current settings recieved.
2021-11-11T02:31:13+03:00 [undefined] INFO : Port change schedule request. | Successfuly scheduled to port 1426 in 1 minutes..
-
2021-11-11T02:32:11+03:00 [1636587131413] INIT : Initiating...
2021-11-11T02:32:11+03:00 [1636587131413] INIT : Called 'express'
2021-11-11T02:32:11+03:00 [1636587131413] INIT : Called 'json-server'
2021-11-11T02:32:11+03:00 [1636587131413] INIT : Initiated 'express'
2021-11-11T02:32:11+03:00 [1636587131413] INIT : Created 'json-server'
2021-11-11T02:32:11+03:00 [1636587131413] INIT : Called 'isomorphic-fetch'
2021-11-11T02:32:11+03:00 [1636587131413] INIT : Called 'json-server' router
2021-11-11T02:32:11+03:00 [1636587131413] INIT : Called 'axios'
2021-11-11T02:32:11+03:00 [1636587131413] INIT : Called 'events'
2021-11-11T02:32:11+03:00 [1636587131413] INIT : Called 'random-number-csprng'
2021-11-11T02:32:11+03:00 [1636587131413] INIT : Called 'delay'
2021-11-11T02:32:11+03:00 [1636587131413] INIT : Called config.
2021-11-11T02:32:11+03:00 [1636587131413] INIT : Called 'crypto'
2021-11-11T02:32:11+03:00 [1636587131413] INIT : Called 'moment'
2021-11-11T02:32:11+03:00 [1636587131413] INIT : Database started.
2021-11-11T02:32:11+03:00 [1636587131413] INIT : Called 'caller-id'
-
2021-11-11T02:32:13+03:00 [undefined] INFO : Port change schedule requested. | Scheduling change to port 1547 in 480 minutes.
2021-11-11T02:32:13+03:00 [undefined] INFO : Port change schedule request. |  Response for the current settings recieved.
2021-11-11T02:32:13+03:00 [undefined] INFO : Port change schedule request. | Successfuly scheduled to port 1547 in 480 minutes..
2021-11-11T02:32:21+03:00 [undefined] INFO : Port change schedule requested. | Scheduling change to port 7163 in 1 minutes.
2021-11-11T02:32:21+03:00 [undefined] INFO : Port change schedule request. |  Response for the current settings recieved.
2021-11-11T02:32:21+03:00 [undefined] INFO : Port change schedule request. | Successfuly scheduled to port 7163 in 1 minutes..
2021-11-11T02:33:21+03:00 [undefined] INFO : Port change schedule requested. | Scheduling change to port 9709 in 480 minutes.
2021-11-11T02:33:21+03:00 [undefined] INFO : Port change schedule request. |  Response for the current settings recieved.
2021-11-11T02:33:21+03:00 [undefined] INFO : Port change schedule request. | Successfuly scheduled to port 9709 in 480 minutes..
-
2021-11-11T02:36:22+03:00 [1636587382687] INIT : Initiating...
2021-11-11T02:36:22+03:00 [1636587382687] INIT : Called 'express'
2021-11-11T02:36:22+03:00 [1636587382687] INIT : Called 'json-server'
2021-11-11T02:36:22+03:00 [1636587382687] INIT : Created 'json-server'
2021-11-11T02:36:22+03:00 [1636587382687] INIT : Called 'isomorphic-fetch'
2021-11-11T02:36:22+03:00 [1636587382687] INIT : Called 'json-server' router
2021-11-11T02:36:22+03:00 [1636587382687] INIT : Called config.
2021-11-11T02:36:22+03:00 [1636587382687] INIT : Initiated 'express'
2021-11-11T02:36:22+03:00 [1636587382687] INIT : Called 'axios'
2021-11-11T02:36:22+03:00 [1636587382687] INIT : Called 'events'
2021-11-11T02:36:23+03:00 [1636587382687] INIT : Called 'random-number-csprng'
2021-11-11T02:36:22+03:00 [1636587382687] INIT : Called 'delay'
2021-11-11T02:36:23+03:00 [1636587382687] INIT : Called 'moment'
2021-11-11T02:36:23+03:00 [1636587382687] INIT : Called 'caller-id'
2021-11-11T02:36:23+03:00 [1636587382687] INIT : Called 'crypto'
2021-11-11T02:36:23+03:00 [1636587382687] INIT : Database started.
-
2021-11-11T02:37:07+03:00 [1636587427334] INIT : Called 'express'
2021-11-11T02:37:07+03:00 [1636587427334] INIT : Initiating...
2021-11-11T02:37:07+03:00 [1636587427334] INIT : Called 'json-server'
2021-11-11T02:37:07+03:00 [1636587427334] INIT : Initiated 'express'
2021-11-11T02:37:07+03:00 [1636587427334] INIT : Called 'json-server' router
2021-11-11T02:37:07+03:00 [1636587427334] INIT : Called 'axios'
2021-11-11T02:37:07+03:00 [1636587427334] INIT : Created 'json-server'
2021-11-11T02:37:07+03:00 [1636587427334] INIT : Called 'events'
2021-11-11T02:37:07+03:00 [1636587427334] INIT : Called 'isomorphic-fetch'
2021-11-11T02:37:07+03:00 [1636587427334] INIT : Called 'random-number-csprng'
2021-11-11T02:37:07+03:00 [1636587427334] INIT : Called config.
2021-11-11T02:37:07+03:00 [1636587427334] INIT : Called 'moment'
2021-11-11T02:37:07+03:00 [1636587427334] INIT : Called 'caller-id'
2021-11-11T02:37:07+03:00 [1636587427334] INIT : Called 'crypto'
2021-11-11T02:37:07+03:00 [1636587427334] INIT : Database started.
2021-11-11T02:37:07+03:00 [1636587427334] INIT : Called 'delay'
-
2021-11-11T02:38:11+03:00 [1636587491389] INIT : Initiating...
2021-11-11T02:38:11+03:00 [1636587491389] INIT : Called 'express'
2021-11-11T02:38:11+03:00 [1636587491389] INIT : Called 'json-server'
2021-11-11T02:38:11+03:00 [1636587491389] INIT : Initiated 'express'
2021-11-11T02:38:11+03:00 [1636587491389] INIT : Created 'json-server'
2021-11-11T02:38:11+03:00 [1636587491389] INIT : Called 'axios'
2021-11-11T02:38:11+03:00 [1636587491389] INIT : Called 'json-server' router
2021-11-11T02:38:11+03:00 [1636587491389] INIT : Called 'events'
2021-11-11T02:38:11+03:00 [1636587491389] INIT : Called 'isomorphic-fetch'
2021-11-11T02:38:11+03:00 [1636587491389] INIT : Called config.
2021-11-11T02:38:11+03:00 [1636587491389] INIT : Called 'random-number-csprng'
2021-11-11T02:38:11+03:00 [1636587491389] INIT : Called 'crypto'
2021-11-11T02:38:11+03:00 [1636587491389] INIT : Called 'caller-id'
2021-11-11T02:38:11+03:00 [1636587491389] INIT : Database started.
2021-11-11T02:38:11+03:00 [1636587491389] INIT : Called 'moment'
2021-11-11T02:38:11+03:00 [1636587491389] INIT : Called 'delay'
-
2021-11-11T02:38:14+03:00 [1636587493978] INIT : Called 'express'
2021-11-11T02:38:14+03:00 [1636587493978] INIT : Initiating...
2021-11-11T02:38:14+03:00 [1636587493978] INIT : Called 'json-server'
2021-11-11T02:38:14+03:00 [1636587493978] INIT : Initiated 'express'
2021-11-11T02:38:14+03:00 [1636587493978] INIT : Created 'json-server'
2021-11-11T02:38:14+03:00 [1636587493978] INIT : Called 'axios'
2021-11-11T02:38:14+03:00 [1636587493978] INIT : Called 'isomorphic-fetch'
2021-11-11T02:38:14+03:00 [1636587493978] INIT : Called 'events'
2021-11-11T02:38:14+03:00 [1636587493978] INIT : Called 'json-server' router
2021-11-11T02:38:14+03:00 [1636587493978] INIT : Called 'random-number-csprng'
2021-11-11T02:38:14+03:00 [1636587493978] INIT : Called 'delay'
2021-11-11T02:38:14+03:00 [1636587493978] INIT : Called 'moment'
2021-11-11T02:38:14+03:00 [1636587493978] INIT : Called 'caller-id'
2021-11-11T02:38:14+03:00 [1636587493978] INIT : Database started.
2021-11-11T02:38:14+03:00 [1636587493978] INIT : Called 'crypto'
2021-11-11T02:38:14+03:00 [1636587493978] INIT : Called config.
-
2021-11-11T02:38:23+03:00 [undefined] INFO : Port change schedule requested. | Scheduling change to port 9875 in 480 minutes.
2021-11-11T02:38:23+03:00 [undefined] INFO : Port change schedule request. |  Response for the current settings recieved.
2021-11-11T02:38:23+03:00 [undefined] INFO : Port change schedule request. | Successfuly scheduled to port 9875 in 480 minutes..
-
2021-11-11T02:38:29+03:00 [1636587509390] INIT : Initiating...
2021-11-11T02:38:29+03:00 [1636587509390] INIT : Called 'express'
2021-11-11T02:38:29+03:00 [1636587509390] INIT : Called 'json-server'
2021-11-11T02:38:29+03:00 [1636587509390] INIT : Initiated 'express'
2021-11-11T02:38:29+03:00 [1636587509390] INIT : Created 'json-server'
2021-11-11T02:38:29+03:00 [1636587509390] INIT : Called 'axios'
2021-11-11T02:38:29+03:00 [1636587509390] INIT : Called 'isomorphic-fetch'
2021-11-11T02:38:29+03:00 [1636587509390] INIT : Called 'events'
2021-11-11T02:38:29+03:00 [1636587509390] INIT : Called 'json-server' router
2021-11-11T02:38:29+03:00 [1636587509390] INIT : Called 'random-number-csprng'
2021-11-11T02:38:29+03:00 [1636587509390] INIT : Called config.
2021-11-11T02:38:29+03:00 [1636587509390] INIT : Called 'moment'
2021-11-11T02:38:29+03:00 [1636587509390] INIT : Called 'caller-id'
2021-11-11T02:38:29+03:00 [1636587509390] INIT : Called 'crypto'
2021-11-11T02:38:29+03:00 [1636587509390] INIT : Called 'delay'
2021-11-11T02:38:29+03:00 [1636587509390] INIT : Database started.
2021-11-11T02:38:31+03:00 [undefined] INFO : Port change schedule requested. | Scheduling change to port 8820 in 480 minutes.
-
2021-11-11T02:38:31+03:00 [undefined] INFO : Port change schedule request. |  Response for the current settings recieved.
2021-11-11T02:38:31+03:00 [undefined] INFO : Port change schedule request. | Successfuly scheduled to port 8820 in 480 minutes..
2021-11-11T02:38:36+03:00 [undefined] INFO : Port change schedule requested. | Scheduling change to port 5836 in 480 minutes.
2021-11-11T02:38:36+03:00 [undefined] INFO : Port change schedule request. |  Response for the current settings recieved.
2021-11-11T02:38:36+03:00 [undefined] INFO : Port change schedule request. | Successfuly scheduled to port 5836 in 480 minutes..
2021-11-11T02:38:40+03:00 [undefined] INFO : Port change schedule requested. | Scheduling change to port 9692 in 480 minutes.
2021-11-11T02:38:40+03:00 [undefined] INFO : Port change schedule request. |  Response for the current settings recieved.
2021-11-11T02:38:41+03:00 [undefined] INFO : Port change schedule request. | Successfuly scheduled to port 9692 in 480 minutes..
2021-11-11T02:38:42+03:00 [undefined] INFO : Port change schedule requested. | Scheduling change to port 1471 in 480 minutes.
2021-11-11T02:38:42+03:00 [undefined] INFO : Port change schedule request. |  Response for the current settings recieved.
2021-11-11T02:38:43+03:00 [undefined] INFO : Port change schedule request. | Successfuly scheduled to port 1471 in 480 minutes..
2021-11-11T02:38:45+03:00 [undefined] INFO : Port change schedule requested. | Scheduling change to port 2441 in 480 minutes.
2021-11-11T02:38:45+03:00 [undefined] INFO : Port change schedule request. |  Response for the current settings recieved.
2021-11-11T02:38:45+03:00 [undefined] INFO : Port change schedule request. | Successfuly scheduled to port 2441 in 480 minutes..
2021-11-11T02:38:57+03:00 [undefined] INFO : Port change schedule requested. | Scheduling change to port 7686 in 480 minutes.
2021-11-11T02:38:57+03:00 [undefined] INFO : Port change schedule request. |  Response for the current settings recieved.
2021-11-11T02:38:57+03:00 [undefined] INFO : Port change schedule request. | Successfuly scheduled to port 7686 in 480 minutes..
-
2021-11-11T02:39:04+03:00 [1636587544045] INIT : Initiating...
2021-11-11T02:39:04+03:00 [1636587544045] INIT : Called 'express'
2021-11-11T02:39:04+03:00 [1636587544045] INIT : Called 'json-server'
2021-11-11T02:39:04+03:00 [1636587544045] INIT : Initiated 'express'
2021-11-11T02:39:04+03:00 [1636587544045] INIT : Created 'json-server'
2021-11-11T02:39:04+03:00 [1636587544045] INIT : Called 'axios'
2021-11-11T02:39:04+03:00 [1636587544045] INIT : Called 'json-server' router
2021-11-11T02:39:04+03:00 [1636587544045] INIT : Called 'events'
2021-11-11T02:39:04+03:00 [1636587544045] INIT : Called 'isomorphic-fetch'
2021-11-11T02:39:04+03:00 [1636587544045] INIT : Called 'random-number-csprng'
2021-11-11T02:39:04+03:00 [1636587544045] INIT : Called 'moment'
2021-11-11T02:39:04+03:00 [1636587544045] INIT : Called 'delay'
2021-11-11T02:39:04+03:00 [1636587544045] INIT : Called 'crypto'
2021-11-11T02:39:04+03:00 [1636587544045] INIT : Called 'caller-id'
2021-11-11T02:39:04+03:00 [1636587544045] INIT : Database started.
2021-11-11T02:39:04+03:00 [1636587544045] INIT : Called config.
-
2021-11-11T02:39:07+03:00 [undefined] INFO : Port change schedule requested. | Scheduling change to port 8089 in 480 minutes.
2021-11-11T02:39:07+03:00 [undefined] INFO : Port change schedule request. |  Response for the current settings recieved.
2021-11-11T02:39:07+03:00 [undefined] INFO : Port change schedule request. | Successfuly scheduled to port 8089 in 480 minutes..
2021-11-11T02:39:23+03:00 [undefined] INFO : Port change schedule requested. | Scheduling change to port 4715 in 480 minutes.
2021-11-11T02:39:23+03:00 [undefined] INFO : Port change schedule request. |  Response for the current settings recieved.
2021-11-11T02:39:23+03:00 [undefined] INFO : Port change schedule request. | Successfuly scheduled to port 4715 in 480 minutes..
2021-11-11T02:39:38+03:00 [undefined] INFO : Port change schedule requested. | Scheduling change to port 2491 in 480 minutes.
2021-11-11T02:39:38+03:00 [undefined] INFO : Port change schedule request. |  Response for the current settings recieved.
2021-11-11T02:39:38+03:00 [undefined] INFO : Port change schedule request. | Successfuly scheduled to port 2491 in 480 minutes..
2021-11-11T02:40:38+03:00 [undefined] INFO : Port change schedule requested. | Scheduling change to port 1650 in 480 minutes.
2021-11-11T02:40:38+03:00 [undefined] INFO : Port change schedule request. |  Response for the current settings recieved.
2021-11-11T02:40:38+03:00 [undefined] INFO : Port change schedule request. | Successfuly scheduled to port 1650 in 480 minutes..
2021-11-11T02:41:05+03:00 [undefined] INFO : Port change schedule requested. | Scheduling change to port 2407 in 480 minutes.
2021-11-11T02:41:05+03:00 [undefined] INFO : Port change schedule request. |  Response for the current settings recieved.
2021-11-11T02:41:05+03:00 [undefined] INFO : Port change schedule request. | Successfuly scheduled to port 2407 in 480 minutes..
2021-11-11T02:41:32+03:00 [undefined] INFO : Port change schedule requested. | Scheduling change to port 4918 in 480 minutes.
2021-11-11T02:41:32+03:00 [undefined] INFO : Port change schedule request. |  Response for the current settings recieved.
2021-11-11T02:41:32+03:00 [undefined] INFO : Port change schedule request. | Successfuly scheduled to port 4918 in 480 minutes..
2021-11-11T02:47:00+03:00 [undefined] INFO : Port change schedule requested. | Scheduling change to port 2371 in 480 minutes.
2021-11-11T02:47:00+03:00 [undefined] INFO : Port change schedule request. |  Response for the current settings recieved.
2021-11-11T02:47:00+03:00 [undefined] INFO : Port change schedule request. | Successfuly scheduled to port 2371 in 480 minutes..
-
2021-11-11T02:51:38+03:00 [1636588298200] INIT : Initiating...
2021-11-11T02:51:38+03:00 [1636588298200] INIT : Called 'express'
2021-11-11T02:51:38+03:00 [1636588298200] INIT : Called 'json-server'
2021-11-11T02:51:38+03:00 [1636588298200] INIT : Called 'json-server' router
2021-11-11T02:51:38+03:00 [1636588298200] INIT : Initiated 'express'
2021-11-11T02:51:38+03:00 [1636588298200] INIT : Created 'json-server'
2021-11-11T02:51:38+03:00 [1636588298200] INIT : Called config.
2021-11-11T02:51:38+03:00 [1636588298200] INIT : Called 'isomorphic-fetch'
2021-11-11T02:51:38+03:00 [1636588298200] INIT : Called 'axios'
2021-11-11T02:51:38+03:00 [1636588298200] INIT : Called 'events'
2021-11-11T02:51:38+03:00 [1636588298200] INIT : Called 'random-number-csprng'
2021-11-11T02:51:38+03:00 [1636588298200] INIT : Called 'crypto'
2021-11-11T02:51:38+03:00 [1636588298200] INIT : Called 'delay'
2021-11-11T02:51:38+03:00 [1636588298200] INIT : Called 'moment'
2021-11-11T02:51:38+03:00 [1636588298200] INIT : Database started.
2021-11-11T02:51:38+03:00 [1636588298200] INIT : Called 'caller-id'
-
2021-11-11T02:51:45+03:00 [1636588305617] INIT : Initiating...
2021-11-11T02:51:45+03:00 [1636588305617] INIT : Called 'express'
2021-11-11T02:51:45+03:00 [1636588305617] INIT : Called 'json-server'
2021-11-11T02:51:45+03:00 [1636588305617] INIT : Created 'json-server'
2021-11-11T02:51:45+03:00 [1636588305617] INIT : Called 'json-server' router
2021-11-11T02:51:45+03:00 [1636588305617] INIT : Called 'isomorphic-fetch'
2021-11-11T02:51:45+03:00 [1636588305617] INIT : Called config.
2021-11-11T02:51:45+03:00 [1636588305617] INIT : Initiated 'express'
2021-11-11T02:51:45+03:00 [1636588305617] INIT : Called 'axios'
2021-11-11T02:51:45+03:00 [1636588305617] INIT : Called 'events'
2021-11-11T02:51:45+03:00 [1636588305617] INIT : Called 'random-number-csprng'
2021-11-11T02:51:45+03:00 [1636588305617] INIT : Called 'crypto'
2021-11-11T02:51:45+03:00 [1636588305617] INIT : Called 'delay'
2021-11-11T02:51:45+03:00 [1636588305617] INIT : Called 'caller-id'
2021-11-11T02:51:45+03:00 [1636588305617] INIT : Called 'moment'
2021-11-11T02:51:45+03:00 [1636588305617] INIT : Database started.
-
2021-11-11T02:51:53+03:00 [undefined] INFO : Port change schedule requested. | Scheduling change to port 8785 in 480 minutes.
2021-11-11T02:51:53+03:00 [undefined] INFO : Port change schedule request. |  Response for the current settings recieved.
2021-11-11T02:51:53+03:00 [undefined] INFO : Port change schedule request. | Successfuly scheduled to port 8785 in 480 minutes..
2021-11-11T02:52:18+03:00 [undefined] INFO : Port change schedule requested. | Scheduling change to port 4118 in 480 minutes.
2021-11-11T02:52:18+03:00 [undefined] INFO : Port change schedule request. |  Response for the current settings recieved.
2021-11-11T02:52:18+03:00 [undefined] INFO : Port change schedule request. | Successfuly scheduled to port 4118 in 480 minutes..
2021-11-11T02:52:31+03:00 [undefined] INFO : Port change schedule requested. | Scheduling change to port 9822 in 480 minutes.
2021-11-11T02:52:31+03:00 [undefined] INFO : Port change schedule request. |  Response for the current settings recieved.
2021-11-11T02:52:31+03:00 [undefined] INFO : Port change schedule request. | Successfuly scheduled to port 9822 in 480 minutes..
2021-11-11T02:52:39+03:00 [undefined] INFO : Port change schedule requested. | Scheduling change to port 9648 in 480 minutes.
2021-11-11T02:52:39+03:00 [undefined] INFO : Port change schedule request. |  Response for the current settings recieved.
2021-11-11T02:52:39+03:00 [undefined] INFO : Port change schedule request. | Successfuly scheduled to port 9648 in 480 minutes..
2021-11-11T02:56:21+03:00 [undefined] INFO : Port change schedule requested. | Scheduling change to port 5465 in 480 minutes.
2021-11-11T02:56:21+03:00 [undefined] INFO : Port change schedule request. |  Response for the current settings recieved.
2021-11-11T02:56:21+03:00 [undefined] INFO : Port change schedule request. | Successfuly scheduled to port 5465 in 480 minutes..
-
2021-11-11T03:00:04+03:00 [1636588804002] INIT : Called 'express'
2021-11-11T03:00:04+03:00 [1636588804002] INIT : Initiating...
2021-11-11T03:00:04+03:00 [1636588804002] INIT : Called 'json-server'
2021-11-11T03:00:04+03:00 [1636588804002] INIT : Initiated 'express'
2021-11-11T03:00:04+03:00 [1636588804002] INIT : Created 'json-server'
2021-11-11T03:00:04+03:00 [1636588804002] INIT : Called 'isomorphic-fetch'
2021-11-11T03:00:04+03:00 [1636588804002] INIT : Called 'json-server' router
2021-11-11T03:00:04+03:00 [1636588804002] INIT : Called config.
2021-11-11T03:00:04+03:00 [1636588804002] INIT : Called 'events'
2021-11-11T03:00:04+03:00 [1636588804002] INIT : Called 'random-number-csprng'
2021-11-11T03:00:04+03:00 [1636588804002] INIT : Called 'delay'
2021-11-11T03:00:04+03:00 [1636588804002] INIT : Called 'moment'
2021-11-11T03:00:04+03:00 [1636588804002] INIT : Called 'caller-id'
2021-11-11T03:00:04+03:00 [1636588804002] INIT : Called 'axios'
2021-11-11T03:00:04+03:00 [1636588804002] INIT : Called 'crypto'
2021-11-11T03:00:04+03:00 [1636588804002] INIT : Database started.
-
2021-11-11T03:00:33+03:00 [1636588833199] INIT : Initiating...
2021-11-11T03:00:33+03:00 [1636588833199] INIT : Called 'express'
2021-11-11T03:00:33+03:00 [1636588833199] INIT : Called 'json-server'
2021-11-11T03:00:33+03:00 [1636588833199] INIT : Created 'json-server'
2021-11-11T03:00:33+03:00 [1636588833199] INIT : Called 'json-server' router
2021-11-11T03:00:33+03:00 [1636588833199] INIT : Called 'isomorphic-fetch'
2021-11-11T03:00:33+03:00 [1636588833199] INIT : Called config.
2021-11-11T03:00:33+03:00 [1636588833199] INIT : Initiated 'express'
2021-11-11T03:00:33+03:00 [1636588833199] INIT : Called 'events'
2021-11-11T03:00:33+03:00 [1636588833199] INIT : Called 'random-number-csprng'
2021-11-11T03:00:33+03:00 [1636588833199] INIT : Called 'moment'
2021-11-11T03:00:33+03:00 [1636588833199] INIT : Called 'delay'
2021-11-11T03:00:33+03:00 [1636588833199] INIT : Called 'crypto'
2021-11-11T03:00:33+03:00 [1636588833199] INIT : Called 'caller-id'
2021-11-11T03:00:33+03:00 [1636588833199] INIT : Database started.
2021-11-11T03:00:33+03:00 [1636588833199] INIT : Called 'axios'
-
2021-11-11T03:01:11+03:00 [1636588871655] INIT : Initiating...
2021-11-11T03:01:11+03:00 [1636588871655] INIT : Initiated 'express'
2021-11-11T03:01:11+03:00 [1636588871655] INIT : Called 'json-server'
2021-11-11T03:01:11+03:00 [1636588871655] INIT : Created 'json-server'
2021-11-11T03:01:11+03:00 [1636588871655] INIT : Called 'json-server' router
2021-11-11T03:01:11+03:00 [1636588871655] INIT : Called 'axios'
2021-11-11T03:01:11+03:00 [1636588871655] INIT : Called 'isomorphic-fetch'
2021-11-11T03:01:11+03:00 [1636588871655] INIT : Called 'express'
2021-11-11T03:01:11+03:00 [1636588871655] INIT : Called config.
2021-11-11T03:01:11+03:00 [1636588871655] INIT : Called 'events'
2021-11-11T03:01:12+03:00 [1636588871655] INIT : Called 'random-number-csprng'
2021-11-11T03:01:12+03:00 [1636588871655] INIT : Called 'crypto'
2021-11-11T03:01:12+03:00 [1636588871655] INIT : Called 'caller-id'
2021-11-11T03:01:11+03:00 [1636588871655] INIT : Called 'delay'
2021-11-11T03:01:12+03:00 [1636588871655] INIT : Database started.
2021-11-11T03:01:12+03:00 [1636588871655] INIT : Called 'moment'
-
2021-11-11T03:01:26+03:00 [1636588886298] INIT : Initiating...
2021-11-11T03:01:26+03:00 [1636588886298] INIT : Called 'express'
2021-11-11T03:01:26+03:00 [1636588886298] INIT : Called 'json-server'
2021-11-11T03:01:26+03:00 [1636588886298] INIT : Initiated 'express'
2021-11-11T03:01:26+03:00 [1636588886298] INIT : Called 'json-server' router
2021-11-11T03:01:26+03:00 [1636588886298] INIT : Created 'json-server'
2021-11-11T03:01:26+03:00 [1636588886298] INIT : Called 'isomorphic-fetch'
2021-11-11T03:01:26+03:00 [1636588886298] INIT : Called 'axios'
2021-11-11T03:01:26+03:00 [1636588886298] INIT : Called 'events'
2021-11-11T03:01:26+03:00 [1636588886298] INIT : Called 'random-number-csprng'
2021-11-11T03:01:26+03:00 [1636588886298] INIT : Called config.
2021-11-11T03:01:26+03:00 [1636588886298] INIT : Called 'moment'
2021-11-11T03:01:26+03:00 [1636588886298] INIT : Called 'caller-id'
2021-11-11T03:01:26+03:00 [1636588886298] INIT : Called 'delay'
2021-11-11T03:01:26+03:00 [1636588886298] INIT : Called 'crypto'
2021-11-11T03:01:26+03:00 [1636588886298] INIT : Database started.
-
2021-11-11T03:01:36+03:00 [1636588896707] INIT : Initiating...
2021-11-11T03:01:36+03:00 [1636588896707] INIT : Called 'express'
2021-11-11T03:01:36+03:00 [1636588896707] INIT : Called 'json-server'
2021-11-11T03:01:36+03:00 [1636588896707] INIT : Called 'json-server' router
2021-11-11T03:01:36+03:00 [1636588896707] INIT : Initiated 'express'
2021-11-11T03:01:36+03:00 [1636588896707] INIT : Created 'json-server'
2021-11-11T03:01:37+03:00 [1636588896707] INIT : Called config.
2021-11-11T03:01:37+03:00 [1636588896707] INIT : Called 'isomorphic-fetch'
2021-11-11T03:01:37+03:00 [1636588896707] INIT : Called 'events'
2021-11-11T03:01:37+03:00 [1636588896707] INIT : Called 'delay'
2021-11-11T03:01:37+03:00 [1636588896707] INIT : Called 'moment'
2021-11-11T03:01:37+03:00 [1636588896707] INIT : Called 'axios'
2021-11-11T03:01:37+03:00 [1636588896707] INIT : Called 'random-number-csprng'
2021-11-11T03:01:37+03:00 [1636588896707] INIT : Called 'caller-id'
2021-11-11T03:01:37+03:00 [1636588896707] INIT : Database started.
2021-11-11T03:01:37+03:00 [1636588896707] INIT : Called 'crypto'
-
2021-11-11T03:02:08+03:00 [1636588928136] INIT : Initiating...
2021-11-11T03:02:08+03:00 [1636588928136] INIT : Called 'express'
2021-11-11T03:02:08+03:00 [1636588928136] INIT : Called 'json-server'
2021-11-11T03:02:08+03:00 [1636588928136] INIT : Initiated 'express'
2021-11-11T03:02:08+03:00 [1636588928136] INIT : Created 'json-server'
2021-11-11T03:02:08+03:00 [1636588928136] INIT : Called 'json-server' router
2021-11-11T03:02:08+03:00 [1636588928136] INIT : Called 'axios'
2021-11-11T03:02:08+03:00 [1636588928136] INIT : Called 'isomorphic-fetch'
2021-11-11T03:02:08+03:00 [1636588928136] INIT : Called 'events'
2021-11-11T03:02:08+03:00 [1636588928136] INIT : Called 'random-number-csprng'
2021-11-11T03:02:08+03:00 [1636588928136] INIT : Called 'delay'
2021-11-11T03:02:08+03:00 [1636588928136] INIT : Called config.
2021-11-11T03:02:08+03:00 [1636588928136] INIT : Called 'moment'
2021-11-11T03:02:08+03:00 [1636588928136] INIT : Called 'crypto'
2021-11-11T03:02:08+03:00 [1636588928136] INIT : Called 'caller-id'
2021-11-11T03:02:08+03:00 [1636588928136] INIT : Database started.
-
2021-11-11T03:02:58+03:00 [1636588978799] INIT : Initiating...
2021-11-11T03:02:58+03:00 [1636588978799] INIT : Called 'express'
2021-11-11T03:02:59+03:00 [1636588978799] INIT : Called 'json-server'
2021-11-11T03:02:59+03:00 [1636588978799] INIT : Created 'json-server'
2021-11-11T03:02:59+03:00 [1636588978799] INIT : Called 'isomorphic-fetch'
2021-11-11T03:02:59+03:00 [1636588978799] INIT : Called 'json-server' router
2021-11-11T03:02:59+03:00 [1636588978799] INIT : Called config.
2021-11-11T03:02:58+03:00 [1636588978799] INIT : Initiated 'express'
2021-11-11T03:02:59+03:00 [1636588978799] INIT : Called 'axios'
2021-11-11T03:02:59+03:00 [1636588978799] INIT : Called 'events'
2021-11-11T03:02:59+03:00 [1636588978799] INIT : Called 'random-number-csprng'
2021-11-11T03:02:59+03:00 [1636588978799] INIT : Called 'moment'
2021-11-11T03:02:59+03:00 [1636588978799] INIT : Called 'caller-id'
2021-11-11T03:02:59+03:00 [1636588978799] INIT : Called 'crypto'
2021-11-11T03:02:59+03:00 [1636588978799] INIT : Database started.
2021-11-11T03:02:59+03:00 [1636588978799] INIT : Called 'delay'
-
2021-11-11T03:03:10+03:00 [1636588990566] INIT : Initiating...
2021-11-11T03:03:10+03:00 [1636588990566] INIT : Initiated 'express'
2021-11-11T03:03:10+03:00 [1636588990566] INIT : Called 'json-server'
2021-11-11T03:03:10+03:00 [1636588990566] INIT : Created 'json-server'
2021-11-11T03:03:10+03:00 [1636588990566] INIT : Called 'json-server' router
2021-11-11T03:03:10+03:00 [1636588990566] INIT : Called 'isomorphic-fetch'
2021-11-11T03:03:10+03:00 [1636588990566] INIT : Called 'axios'
2021-11-11T03:03:10+03:00 [1636588990566] INIT : Called 'express'
2021-11-11T03:03:10+03:00 [1636588990566] INIT : Called 'events'
2021-11-11T03:03:10+03:00 [1636588990566] INIT : Called 'random-number-csprng'
2021-11-11T03:03:10+03:00 [1636588990566] INIT : Called config.
2021-11-11T03:03:10+03:00 [1636588990566] INIT : Called 'moment'
2021-11-11T03:03:10+03:00 [1636588990566] INIT : Called 'crypto'
2021-11-11T03:03:10+03:00 [1636588990566] INIT : Called 'caller-id'
2021-11-11T03:03:11+03:00 [1636588990566] INIT : Database started.
2021-11-11T03:03:10+03:00 [1636588990566] INIT : Called 'delay'
-
2021-11-11T03:03:23+03:00 [1636589003117] INIT : Called 'express'
2021-11-11T03:03:23+03:00 [1636589003117] INIT : Initiated 'express'
2021-11-11T03:03:23+03:00 [1636589003117] INIT : Called 'json-server'
2021-11-11T03:03:23+03:00 [1636589003117] INIT : Called 'json-server' router
2021-11-11T03:03:23+03:00 [1636589003117] INIT : Called 'isomorphic-fetch'
2021-11-11T03:03:23+03:00 [1636589003117] INIT : Created 'json-server'
2021-11-11T03:03:23+03:00 [1636589003117] INIT : Called config.
2021-11-11T03:03:23+03:00 [1636589003117] INIT : Initiating...
2021-11-11T03:03:23+03:00 [1636589003117] INIT : Called 'events'
2021-11-11T03:03:23+03:00 [1636589003117] INIT : Called 'random-number-csprng'
2021-11-11T03:03:23+03:00 [1636589003117] INIT : Called 'moment'
2021-11-11T03:03:23+03:00 [1636589003117] INIT : Called 'delay'
2021-11-11T03:03:23+03:00 [1636589003117] INIT : Called 'crypto'
2021-11-11T03:03:23+03:00 [1636589003117] INIT : Called 'axios'
2021-11-11T03:03:23+03:00 [1636589003117] INIT : Called 'caller-id'
2021-11-11T03:03:23+03:00 [1636589003117] INIT : Database started.
-
2021-11-11T03:03:43+03:00 [1636589023034] INIT : Initiating...
2021-11-11T03:03:43+03:00 [1636589023034] INIT : Called 'json-server'
2021-11-11T03:03:43+03:00 [1636589023034] INIT : Initiated 'express'
2021-11-11T03:03:43+03:00 [1636589023034] INIT : Called 'express'
2021-11-11T03:03:43+03:00 [1636589023034] INIT : Called 'json-server' router
2021-11-11T03:03:43+03:00 [1636589023034] INIT : Called 'axios'
2021-11-11T03:03:43+03:00 [1636589023034] INIT : Created 'json-server'
2021-11-11T03:03:43+03:00 [1636589023034] INIT : Called 'events'
2021-11-11T03:03:43+03:00 [1636589023034] INIT : Called 'isomorphic-fetch'
2021-11-11T03:03:43+03:00 [1636589023034] INIT : Called 'random-number-csprng'
2021-11-11T03:03:43+03:00 [1636589023034] INIT : Called 'delay'
2021-11-11T03:03:43+03:00 [1636589023034] INIT : Called 'crypto'
2021-11-11T03:03:43+03:00 [1636589023034] INIT : Called 'caller-id'
2021-11-11T03:03:43+03:00 [1636589023034] INIT : Called 'moment'
2021-11-11T03:03:43+03:00 [1636589023034] INIT : Database started.
2021-11-11T03:03:43+03:00 [1636589023034] INIT : Called config.
-
2021-11-11T03:04:00+03:00 [1636589040185] INIT : Initiating...
2021-11-11T03:04:00+03:00 [1636589040185] INIT : Called 'express'
2021-11-11T03:04:00+03:00 [1636589040185] INIT : Called 'json-server'
2021-11-11T03:04:00+03:00 [1636589040185] INIT : Created 'json-server'
2021-11-11T03:04:00+03:00 [1636589040185] INIT : Called 'json-server' router
2021-11-11T03:04:00+03:00 [1636589040185] INIT : Called 'axios'
2021-11-11T03:04:00+03:00 [1636589040185] INIT : Called 'isomorphic-fetch'
2021-11-11T03:04:00+03:00 [1636589040185] INIT : Called 'events'
2021-11-11T03:04:00+03:00 [1636589040185] INIT : Initiated 'express'
2021-11-11T03:04:00+03:00 [1636589040185] INIT : Called 'random-number-csprng'
2021-11-11T03:04:00+03:00 [1636589040185] INIT : Called config.
2021-11-11T03:04:00+03:00 [1636589040185] INIT : Called 'moment'
2021-11-11T03:04:00+03:00 [1636589040185] INIT : Called 'caller-id'
2021-11-11T03:04:00+03:00 [1636589040185] INIT : Called 'delay'
2021-11-11T03:04:00+03:00 [1636589040185] INIT : Called 'crypto'
2021-11-11T03:04:00+03:00 [1636589040185] INIT : Database started.
-
2021-11-11T03:04:35+03:00 [1636589075494] INIT : Called 'express'
2021-11-11T03:04:35+03:00 [1636589075494] INIT : Initiating...
2021-11-11T03:04:35+03:00 [1636589075494] INIT : Called 'json-server'
2021-11-11T03:04:35+03:00 [1636589075494] INIT : Initiated 'express'
2021-11-11T03:04:35+03:00 [1636589075494] INIT : Called 'isomorphic-fetch'
2021-11-11T03:04:35+03:00 [1636589075494] INIT : Called 'axios'
2021-11-11T03:04:35+03:00 [1636589075494] INIT : Called 'json-server' router
2021-11-11T03:04:35+03:00 [1636589075494] INIT : Called config.
2021-11-11T03:04:35+03:00 [1636589075494] INIT : Called 'events'
2021-11-11T03:04:35+03:00 [1636589075494] INIT : Called 'random-number-csprng'
2021-11-11T03:04:35+03:00 [1636589075494] INIT : Called 'moment'
2021-11-11T03:04:35+03:00 [1636589075494] INIT : Created 'json-server'
2021-11-11T03:04:35+03:00 [1636589075494] INIT : Called 'crypto'
2021-11-11T03:04:35+03:00 [1636589075494] INIT : Called 'caller-id'
2021-11-11T03:04:35+03:00 [1636589075494] INIT : Called 'delay'
2021-11-11T03:04:35+03:00 [1636589075494] INIT : Database started.
-
2021-11-11T03:04:38+03:00 [1636589078451] INIT : Initiating...
2021-11-11T03:04:38+03:00 [1636589078451] INIT : Called 'express'
2021-11-11T03:04:38+03:00 [1636589078451] INIT : Called 'json-server'
2021-11-11T03:04:38+03:00 [1636589078451] INIT : Initiated 'express'
2021-11-11T03:04:38+03:00 [1636589078451] INIT : Created 'json-server'
2021-11-11T03:04:38+03:00 [1636589078451] INIT : Called 'axios'
2021-11-11T03:04:38+03:00 [1636589078451] INIT : Called 'json-server' router
2021-11-11T03:04:38+03:00 [1636589078451] INIT : Called 'isomorphic-fetch'
2021-11-11T03:04:38+03:00 [1636589078451] INIT : Called config.
2021-11-11T03:04:38+03:00 [1636589078451] INIT : Called 'events'
2021-11-11T03:04:38+03:00 [1636589078451] INIT : Called 'random-number-csprng'
2021-11-11T03:04:38+03:00 [1636589078451] INIT : Called 'moment'
2021-11-11T03:04:38+03:00 [1636589078451] INIT : Called 'caller-id'
2021-11-11T03:04:38+03:00 [1636589078451] INIT : Called 'delay'
2021-11-11T03:04:38+03:00 [1636589078451] INIT : Called 'crypto'
2021-11-11T03:04:38+03:00 [1636589078451] INIT : Database started.
-
2021-11-11T03:05:02+03:00 [1636589102694] INIT : Initiating...
2021-11-11T03:05:02+03:00 [1636589102694] INIT : Called 'express'
2021-11-11T03:05:02+03:00 [1636589102694] INIT : Called 'json-server'
2021-11-11T03:05:02+03:00 [1636589102694] INIT : Initiated 'express'
2021-11-11T03:05:02+03:00 [1636589102694] INIT : Created 'json-server'
2021-11-11T03:05:02+03:00 [1636589102694] INIT : Called 'axios'
2021-11-11T03:05:02+03:00 [1636589102694] INIT : Called 'isomorphic-fetch'
2021-11-11T03:05:02+03:00 [1636589102694] INIT : Called 'json-server' router
2021-11-11T03:05:02+03:00 [1636589102694] INIT : Called config.
2021-11-11T03:05:02+03:00 [1636589102694] INIT : Called 'events'
2021-11-11T03:05:03+03:00 [1636589102694] INIT : Called 'random-number-csprng'
2021-11-11T03:05:03+03:00 [1636589102694] INIT : Called 'moment'
2021-11-11T03:05:03+03:00 [1636589102694] INIT : Called 'caller-id'
2021-11-11T03:05:02+03:00 [1636589102694] INIT : Called 'delay'
2021-11-11T03:05:03+03:00 [1636589102694] INIT : Called 'crypto'
2021-11-11T03:05:03+03:00 [1636589102694] INIT : Database started.
-
2021-11-11T03:05:21+03:00 [1636589120954] INIT : Called 'express'
2021-11-11T03:05:21+03:00 [1636589120954] INIT : Initiating...
2021-11-11T03:05:21+03:00 [1636589120954] INIT : Called 'json-server'
2021-11-11T03:05:21+03:00 [1636589120954] INIT : Created 'json-server'
2021-11-11T03:05:21+03:00 [1636589120954] INIT : Called 'json-server' router
2021-11-11T03:05:21+03:00 [1636589120954] INIT : Called 'isomorphic-fetch'
2021-11-11T03:05:21+03:00 [1636589120954] INIT : Called 'axios'
2021-11-11T03:05:21+03:00 [1636589120954] INIT : Initiated 'express'
2021-11-11T03:05:21+03:00 [1636589120954] INIT : Called 'events'
2021-11-11T03:05:21+03:00 [1636589120954] INIT : Called config.
2021-11-11T03:05:21+03:00 [1636589120954] INIT : Called 'delay'
2021-11-11T03:05:21+03:00 [1636589120954] INIT : Called 'random-number-csprng'
2021-11-11T03:05:21+03:00 [1636589120954] INIT : Called 'caller-id'
2021-11-11T03:05:21+03:00 [1636589120954] INIT : Called 'moment'
2021-11-11T03:05:21+03:00 [1636589120954] INIT : Called 'crypto'
2021-11-11T03:05:21+03:00 [1636589120954] INIT : Database started.
-
2021-11-11T03:05:35+03:00 [1636589135219] INIT : Initiating...
2021-11-11T03:05:35+03:00 [1636589135219] INIT : Called 'express'
2021-11-11T03:05:35+03:00 [1636589135219] INIT : Called 'json-server'
2021-11-11T03:05:35+03:00 [1636589135219] INIT : Created 'json-server'
2021-11-11T03:05:35+03:00 [1636589135219] INIT : Called 'json-server' router
2021-11-11T03:05:35+03:00 [1636589135219] INIT : Called 'axios'
2021-11-11T03:05:35+03:00 [1636589135219] INIT : Called 'isomorphic-fetch'
2021-11-11T03:05:35+03:00 [1636589135219] INIT : Initiated 'express'
2021-11-11T03:05:35+03:00 [1636589135219] INIT : Called config.
2021-11-11T03:05:35+03:00 [1636589135219] INIT : Called 'events'
2021-11-11T03:05:35+03:00 [1636589135219] INIT : Called 'random-number-csprng'
2021-11-11T03:05:35+03:00 [1636589135219] INIT : Called 'delay'
2021-11-11T03:05:35+03:00 [1636589135219] INIT : Called 'moment'
2021-11-11T03:05:35+03:00 [1636589135219] INIT : Called 'caller-id'
2021-11-11T03:05:35+03:00 [1636589135219] INIT : Database started.
2021-11-11T03:05:35+03:00 [1636589135219] INIT : Called 'crypto'
-
2021-11-11T03:05:52+03:00 [1636589152378] INIT : Initiating...
2021-11-11T03:05:52+03:00 [1636589152378] INIT : Called 'express'
2021-11-11T03:05:52+03:00 [1636589152378] INIT : Called 'json-server'
2021-11-11T03:05:52+03:00 [1636589152378] INIT : Initiated 'express'
2021-11-11T03:05:52+03:00 [1636589152378] INIT : Called 'json-server' router
2021-11-11T03:05:52+03:00 [1636589152378] INIT : Created 'json-server'
2021-11-11T03:05:52+03:00 [1636589152378] INIT : Called 'isomorphic-fetch'
2021-11-11T03:05:52+03:00 [1636589152378] INIT : Called 'events'
2021-11-11T03:05:52+03:00 [1636589152378] INIT : Called 'axios'
2021-11-11T03:05:52+03:00 [1636589152378] INIT : Called 'random-number-csprng'
2021-11-11T03:05:52+03:00 [1636589152378] INIT : Called config.
2021-11-11T03:05:52+03:00 [1636589152378] INIT : Called 'moment'
2021-11-11T03:05:52+03:00 [1636589152378] INIT : Called 'caller-id'
2021-11-11T03:05:52+03:00 [1636589152378] INIT : Called 'delay'
2021-11-11T03:05:52+03:00 [1636589152378] INIT : Called 'crypto'
2021-11-11T03:05:52+03:00 [1636589152378] INIT : Database started.
-
2021-11-11T03:06:18+03:00 [1636589178766] INIT : Called 'express'
2021-11-11T03:06:18+03:00 [1636589178766] INIT : Initiating...
2021-11-11T03:06:19+03:00 [1636589178766] INIT : Called 'json-server'
2021-11-11T03:06:18+03:00 [1636589178766] INIT : Initiated 'express'
2021-11-11T03:06:19+03:00 [1636589178766] INIT : Called 'json-server' router
2021-11-11T03:06:19+03:00 [1636589178766] INIT : Called 'axios'
2021-11-11T03:06:19+03:00 [1636589178766] INIT : Created 'json-server'
2021-11-11T03:06:19+03:00 [1636589178766] INIT : Called 'events'
2021-11-11T03:06:19+03:00 [1636589178766] INIT : Called 'isomorphic-fetch'
2021-11-11T03:06:19+03:00 [1636589178766] INIT : Called 'random-number-csprng'
2021-11-11T03:06:19+03:00 [1636589178766] INIT : Called config.
2021-11-11T03:06:19+03:00 [1636589178766] INIT : Called 'moment'
2021-11-11T03:06:19+03:00 [1636589178766] INIT : Called 'crypto'
2021-11-11T03:06:19+03:00 [1636589178766] INIT : Database started.
2021-11-11T03:06:19+03:00 [1636589178766] INIT : Called 'caller-id'
2021-11-11T03:06:19+03:00 [1636589178766] INIT : Called 'delay'
